#
# There is insufficient memory for the Java Runtime Environment to continue.
# Native memory allocation (malloc) failed to allocate 65552 bytes for Chunk::new
# Possible reasons:
#   The system is out of physical RAM or swap space
#   The process is running with CompressedOops enabled, and the Java Heap may be blocking the growth of the native heap
# Possible solutions:
#   Reduce memory load on the system
#   Increase physical memory or swap space
#   Check if swap backing store is full
#   Decrease Java heap size (-Xmx/-Xms)
#   Decrease number of Java threads
#   Decrease Java thread stack sizes (-Xss)
#   Set larger code cache with -XX:ReservedCodeCacheSize=
#   JVM is running with Zero Based Compressed Oops mode in which the Java heap is
#     placed in the first 32GB address space. The Java Heap base address is the
#     maximum limit for the native heap growth. Please use -XX:HeapBaseMinAddress
#     to set the Java Heap base and to place the Java Heap above 32GB virtual address.
# This output file may be truncated or incomplete.
#
#  Out of Memory Error (./open/src/hotspot/share/memory/arena.cpp:197), pid=20312, tid=12140
#
# JRE version: Java(TM) SE Runtime Environment 18.9 (11.0.8+10) (build 11.0.8+10-LTS)
# Java VM: Java HotSpot(TM) 64-Bit Server VM 18.9 (11.0.8+10-LTS, mixed mode, tiered, compressed oops, g1 gc, windows-amd64)
# No core dump will be written. Minidumps are not enabled by default on client versions of Windows
#

---------------  S U M M A R Y ------------

Command Line: -Dfile.encoding=Cp1254 --module-path=D:\eclipse-workspace\veritabaniProje\libraries\sqlite-jdbc-3.32.3.2.jar;D:\eclipse-workspace\veritabaniProje\libraries\PlaceHolder.jar;D:\eclipse-workspace\veritabaniProje\libraries\mssql-jdbc-8.4.1.jre11.jar elektronikMagaza.Main

Host: Intel(R) Core(TM) i7-8750H CPU @ 2.20GHz, 12 cores, 15G,  Windows 10 , 64 bit Build 19041 (10.0.19041.662)
Time: Thu Jan 14 17:45:24 2021 Turkey Standard Time elapsed time: 3 seconds (0d 0h 0m 3s)

---------------  T H R E A D  ---------------

Current thread (0x000002064bcbf800):  JavaThread "C2 CompilerThread0" daemon [_thread_in_native, id=12140, stack(0x00000065b4700000,0x00000065b4800000)]


Current CompileTask:
C2:   3400 2301       4       sun.security.ec.ECOperations::setDouble (559 bytes)

Stack: [0x00000065b4700000,0x00000065b4800000]
Native frames: (J=compiled Java code, j=interpreted, Vv=VM code, C=native code)
V  [jvm.dll+0x601aea]
V  [jvm.dll+0x737fef]
V  [jvm.dll+0x739675]
V  [jvm.dll+0x739cf3]
V  [jvm.dll+0x242848]
V  [jvm.dll+0xb999c]
V  [jvm.dll+0xb9f2c]
V  [jvm.dll+0xb9a7d]
V  [jvm.dll+0x5e1f9f]
V  [jvm.dll+0x515253]
V  [jvm.dll+0x514755]
V  [jvm.dll+0x513f2f]
V  [jvm.dll+0x513ef6]
V  [jvm.dll+0x513f43]
V  [jvm.dll+0x513f43]
V  [jvm.dll+0x513f43]
V  [jvm.dll+0x513f43]
V  [jvm.dll+0x513f43]
V  [jvm.dll+0x513f43]
V  [jvm.dll+0x513f43]
V  [jvm.dll+0x513f43]
V  [jvm.dll+0x513f43]
V  [jvm.dll+0x513f43]
V  [jvm.dll+0x513f43]
V  [jvm.dll+0x513f43]
V  [jvm.dll+0x513f43]
V  [jvm.dll+0x513f43]
V  [jvm.dll+0x513f43]
V  [jvm.dll+0x513f43]
V  [jvm.dll+0x513f43]
V  [jvm.dll+0x513f43]
V  [jvm.dll+0x52406e]
V  [jvm.dll+0x1fde4b]
V  [jvm.dll+0x1fb37f]
V  [jvm.dll+0x17e0fc]
V  [jvm.dll+0x20aaa4]
V  [jvm.dll+0x208b7b]
V  [jvm.dll+0x6ff90c]
V  [jvm.dll+0x6f845c]
V  [jvm.dll+0x600d66]
C  [ucrtbase.dll+0x214c2]
C  [KERNEL32.DLL+0x17034]
C  [ntdll.dll+0x4d0d1]


---------------  P R O C E S S  ---------------

Threads class SMR info:
_java_thread_list=0x000002064ea44750, length=17, elements={
0x000002064b3b1000, 0x000002064b3b2800, 0x000002064bcbc800, 0x000002064bcbd800,
0x000002064bcbf800, 0x000002064bcc1000, 0x000002064bcc9000, 0x000002064be5b800,
0x000002064c22c800, 0x000002064c5bf000, 0x000002064c4f1800, 0x000002064c4f9800,
0x000002064c586000, 0x000002064c455800, 0x000002062569d000, 0x000002064e288000,
0x000002064ec40800
}

Java Threads: ( => current thread )
  0x000002064b3b1000 JavaThread "Reference Handler" daemon [_thread_blocked, id=19884, stack(0x00000065b4300000,0x00000065b4400000)]
  0x000002064b3b2800 JavaThread "Finalizer" daemon [_thread_blocked, id=17964, stack(0x00000065b4400000,0x00000065b4500000)]
  0x000002064bcbc800 JavaThread "Signal Dispatcher" daemon [_thread_blocked, id=23972, stack(0x00000065b4500000,0x00000065b4600000)]
  0x000002064bcbd800 JavaThread "Attach Listener" daemon [_thread_blocked, id=23976, stack(0x00000065b4600000,0x00000065b4700000)]
=>0x000002064bcbf800 JavaThread "C2 CompilerThread0" daemon [_thread_in_native, id=12140, stack(0x00000065b4700000,0x00000065b4800000)]
  0x000002064bcc1000 JavaThread "C1 CompilerThread0" daemon [_thread_blocked, id=23968, stack(0x00000065b4800000,0x00000065b4900000)]
  0x000002064bcc9000 JavaThread "Sweeper thread" daemon [_thread_blocked, id=20784, stack(0x00000065b4900000,0x00000065b4a00000)]
  0x000002064be5b800 JavaThread "Common-Cleaner" daemon [_thread_blocked, id=23992, stack(0x00000065b4a00000,0x00000065b4b00000)]
  0x000002064c22c800 JavaThread "Service Thread" daemon [_thread_blocked, id=23996, stack(0x00000065b4d00000,0x00000065b4e00000)]
  0x000002064c5bf000 JavaThread "Java2D Disposer" daemon [_thread_blocked, id=18200, stack(0x00000065b4f00000,0x00000065b5000000)]
  0x000002064c4f1800 JavaThread "AWT-Shutdown" [_thread_blocked, id=18764, stack(0x00000065b5000000,0x00000065b5100000)]
  0x000002064c4f9800 JavaThread "AWT-Windows" daemon [_thread_in_native, id=3980, stack(0x00000065b5100000,0x00000065b5200000)]
  0x000002064c586000 JavaThread "Image Fetcher 0" daemon [_thread_blocked, id=13964, stack(0x00000065b5200000,0x00000065b5300000)]
  0x000002064c455800 JavaThread "AWT-EventQueue-0" [_thread_in_native, id=23196, stack(0x00000065b5300000,0x00000065b5400000)]
  0x000002062569d000 JavaThread "DestroyJavaVM" [_thread_blocked, id=23892, stack(0x00000065b3c00000,0x00000065b3d00000)]
  0x000002064e288000 JavaThread "TimerQueue" daemon [_thread_blocked, id=9976, stack(0x00000065b4b00000,0x00000065b4c00000)]
  0x000002064ec40800 JavaThread "C2 CompilerThread1" daemon [_thread_blocked, id=5584, stack(0x00000065b4c00000,0x00000065b4d00000)]

Other Threads:
  0x000002064b3af000 VMThread "VM Thread" [stack: 0x00000065b4200000,0x00000065b4300000] [id=23956]
  0x000002064c22d000 WatcherThread [stack: 0x00000065b4e00000,0x00000065b4f00000] [id=24032]
  0x00000206256ad800 GCTaskThread "GC Thread#0" [stack: 0x00000065b3d00000,0x00000065b3e00000] [id=23900]
  0x000002064e15a000 GCTaskThread "GC Thread#1" [stack: 0x00000065b5800000,0x00000065b5900000] [id=24076]
  0x000002064e0ba000 GCTaskThread "GC Thread#2" [stack: 0x00000065b5900000,0x00000065b5a00000] [id=7756]
  0x000002064e0b8000 GCTaskThread "GC Thread#3" [stack: 0x00000065b5a00000,0x00000065b5b00000] [id=24092]
  0x000002064e0b5800 GCTaskThread "GC Thread#4" [stack: 0x00000065b5b00000,0x00000065b5c00000] [id=1252]
  0x000002064e0b4000 GCTaskThread "GC Thread#5" [stack: 0x00000065b5c00000,0x00000065b5d00000] [id=22500]
  0x000002062570b000 ConcurrentGCThread "G1 Main Marker" [stack: 0x00000065b3e00000,0x00000065b3f00000] [id=23904]
  0x000002062570c000 ConcurrentGCThread "G1 Conc#0" [stack: 0x00000065b3f00000,0x00000065b4000000] [id=23912]
  0x000002064e0b7000 ConcurrentGCThread "G1 Conc#1" [stack: 0x00000065b5d00000,0x00000065b5e00000] [id=22884]
  0x000002064e0b5000 ConcurrentGCThread "G1 Conc#2" [stack: 0x00000065b5e00000,0x00000065b5f00000] [id=10040]
  0x000002064b28f800 ConcurrentGCThread "G1 Refine#0" [stack: 0x00000065b4000000,0x00000065b4100000] [id=23960]
  0x000002064b291000 ConcurrentGCThread "G1 Young RemSet Sampling" [stack: 0x00000065b4100000,0x00000065b4200000] [id=23964]

Threads with active compile tasks:
C2 CompilerThread0   3442 2301       4       sun.security.ec.ECOperations::setDouble (559 bytes)

VM state:not at safepoint (normal execution)

VM Mutex/Monitor currently owned by a thread: None

Heap address: 0x0000000702400000, size: 4060 MB, Compressed Oops mode: Zero based, Oop shift amount: 3
Narrow klass base: 0x0000000800000000, Narrow klass shift: 0
Compressed class space size: 1073741824 Address: 0x0000000800000000

Heap:
 garbage-first heap   total 260096K, used 17333K [0x0000000702400000, 0x0000000800000000)
  region size 1024K, 8 young (8192K), 3 survivors (3072K)
 Metaspace       used 27736K, capacity 28422K, committed 28672K, reserved 1075200K
  class space    used 3010K, capacity 3305K, committed 3328K, reserved 1048576K
Heap Regions: E=young(eden), S=young(survivor), O=old, HS=humongous(starts), HC=humongous(continues), CS=collection set, F=free, A=archive, TAMS=top-at-mark-start (previous, next)
|   0|0x0000000702400000, 0x0000000702500000, 0x0000000702500000|100%|HS|  |TAMS 0x0000000702500000, 0x0000000702400000| Complete 
|   1|0x0000000702500000, 0x0000000702600000, 0x0000000702600000|100%|HC|  |TAMS 0x0000000702600000, 0x0000000702500000| Complete 
|   2|0x0000000702600000, 0x0000000702700000, 0x0000000702700000|100%| O|  |TAMS 0x0000000702700000, 0x0000000702600000| Untracked 
|   3|0x0000000702700000, 0x0000000702800000, 0x0000000702800000|100%| O|  |TAMS 0x000000070272c600, 0x0000000702700000| Untracked 
|   4|0x0000000702800000, 0x0000000702900000, 0x0000000702900000|100%|HS|  |TAMS 0x0000000702800000, 0x0000000702800000| Complete 
|   5|0x0000000702900000, 0x0000000702a00000, 0x0000000702a00000|100%|HC|  |TAMS 0x0000000702900000, 0x0000000702900000| Complete 
|   6|0x0000000702a00000, 0x0000000702b00000, 0x0000000702b00000|100%|HC|  |TAMS 0x0000000702a00000, 0x0000000702a00000| Complete 
|   7|0x0000000702b00000, 0x0000000702c00000, 0x0000000702c00000|100%|HC|  |TAMS 0x0000000702b00000, 0x0000000702b00000| Complete 
|   8|0x0000000702c00000, 0x0000000702d00000, 0x0000000702d00000|100%| O|  |TAMS 0x0000000702c00000, 0x0000000702c00000| Untracked 
|   9|0x0000000702d00000, 0x0000000702e00000, 0x0000000702e00000|100%| O|  |TAMS 0x0000000702d00000, 0x0000000702d00000| Untracked 
|  10|0x0000000702e00000, 0x0000000702e28e00, 0x0000000702f00000| 15%| O|  |TAMS 0x0000000702e00000, 0x0000000702e00000| Untracked 
|  11|0x0000000702f00000, 0x0000000702f00000, 0x0000000703000000|  0%| F|  |TAMS 0x0000000702f00000, 0x0000000702f00000| Untracked 
|  12|0x0000000703000000, 0x0000000703000000, 0x0000000703100000|  0%| F|  |TAMS 0x0000000703000000, 0x0000000703000000| Untracked 
|  13|0x0000000703100000, 0x0000000703100000, 0x0000000703200000|  0%| F|  |TAMS 0x0000000703100000, 0x0000000703100000| Untracked 
|  14|0x0000000703200000, 0x0000000703200000, 0x0000000703300000|  0%| F|  |TAMS 0x0000000703200000, 0x0000000703200000| Untracked 
|  15|0x0000000703300000, 0x0000000703300000, 0x0000000703400000|  0%| F|  |TAMS 0x0000000703300000, 0x0000000703300000| Untracked 
|  16|0x0000000703400000, 0x0000000703400000, 0x0000000703500000|  0%| F|  |TAMS 0x0000000703400000, 0x0000000703400000| Untracked 
|  17|0x0000000703500000, 0x0000000703500000, 0x0000000703600000|  0%| F|  |TAMS 0x0000000703500000, 0x0000000703500000| Untracked 
|  18|0x0000000703600000, 0x0000000703600000, 0x0000000703700000|  0%| F|  |TAMS 0x0000000703600000, 0x0000000703600000| Untracked 
|  19|0x0000000703700000, 0x0000000703700000, 0x0000000703800000|  0%| F|  |TAMS 0x0000000703700000, 0x0000000703700000| Untracked 
|  20|0x0000000703800000, 0x0000000703800000, 0x0000000703900000|  0%| F|  |TAMS 0x0000000703800000, 0x0000000703800000| Untracked 
|  21|0x0000000703900000, 0x0000000703900000, 0x0000000703a00000|  0%| F|  |TAMS 0x0000000703900000, 0x0000000703900000| Untracked 
|  22|0x0000000703a00000, 0x0000000703a00000, 0x0000000703b00000|  0%| F|  |TAMS 0x0000000703a00000, 0x0000000703a00000| Untracked 
|  23|0x0000000703b00000, 0x0000000703b00000, 0x0000000703c00000|  0%| F|  |TAMS 0x0000000703b00000, 0x0000000703b00000| Untracked 
|  24|0x0000000703c00000, 0x0000000703c00000, 0x0000000703d00000|  0%| F|  |TAMS 0x0000000703c00000, 0x0000000703c00000| Untracked 
|  25|0x0000000703d00000, 0x0000000703d00000, 0x0000000703e00000|  0%| F|  |TAMS 0x0000000703d00000, 0x0000000703d00000| Untracked 
|  26|0x0000000703e00000, 0x0000000703e00000, 0x0000000703f00000|  0%| F|  |TAMS 0x0000000703e00000, 0x0000000703e00000| Untracked 
|  27|0x0000000703f00000, 0x0000000703f00000, 0x0000000704000000|  0%| F|  |TAMS 0x0000000703f00000, 0x0000000703f00000| Untracked 
|  28|0x0000000704000000, 0x0000000704000000, 0x0000000704100000|  0%| F|  |TAMS 0x0000000704000000, 0x0000000704000000| Untracked 
|  29|0x0000000704100000, 0x0000000704100000, 0x0000000704200000|  0%| F|  |TAMS 0x0000000704100000, 0x0000000704100000| Untracked 
|  30|0x0000000704200000, 0x0000000704200000, 0x0000000704300000|  0%| F|  |TAMS 0x0000000704200000, 0x0000000704200000| Untracked 
|  31|0x0000000704300000, 0x0000000704300000, 0x0000000704400000|  0%| F|  |TAMS 0x0000000704300000, 0x0000000704300000| Untracked 
|  32|0x0000000704400000, 0x0000000704400000, 0x0000000704500000|  0%| F|  |TAMS 0x0000000704400000, 0x0000000704400000| Untracked 
|  33|0x0000000704500000, 0x0000000704500000, 0x0000000704600000|  0%| F|  |TAMS 0x0000000704500000, 0x0000000704500000| Untracked 
|  34|0x0000000704600000, 0x0000000704600000, 0x0000000704700000|  0%| F|  |TAMS 0x0000000704600000, 0x0000000704600000| Untracked 
|  35|0x0000000704700000, 0x0000000704700000, 0x0000000704800000|  0%| F|  |TAMS 0x0000000704700000, 0x0000000704700000| Untracked 
|  36|0x0000000704800000, 0x0000000704800000, 0x0000000704900000|  0%| F|  |TAMS 0x0000000704800000, 0x0000000704800000| Untracked 
|  37|0x0000000704900000, 0x0000000704900000, 0x0000000704a00000|  0%| F|  |TAMS 0x0000000704900000, 0x0000000704900000| Untracked 
|  38|0x0000000704a00000, 0x0000000704a00000, 0x0000000704b00000|  0%| F|  |TAMS 0x0000000704a00000, 0x0000000704a00000| Untracked 
|  39|0x0000000704b00000, 0x0000000704b00000, 0x0000000704c00000|  0%| F|  |TAMS 0x0000000704b00000, 0x0000000704b00000| Untracked 
|  40|0x0000000704c00000, 0x0000000704c00000, 0x0000000704d00000|  0%| F|  |TAMS 0x0000000704c00000, 0x0000000704c00000| Untracked 
|  41|0x0000000704d00000, 0x0000000704d00000, 0x0000000704e00000|  0%| F|  |TAMS 0x0000000704d00000, 0x0000000704d00000| Untracked 
|  42|0x0000000704e00000, 0x0000000704e00000, 0x0000000704f00000|  0%| F|  |TAMS 0x0000000704e00000, 0x0000000704e00000| Untracked 
|  43|0x0000000704f00000, 0x0000000704f00000, 0x0000000705000000|  0%| F|  |TAMS 0x0000000704f00000, 0x0000000704f00000| Untracked 
|  44|0x0000000705000000, 0x0000000705000000, 0x0000000705100000|  0%| F|  |TAMS 0x0000000705000000, 0x0000000705000000| Untracked 
|  45|0x0000000705100000, 0x0000000705100000, 0x0000000705200000|  0%| F|  |TAMS 0x0000000705100000, 0x0000000705100000| Untracked 
|  46|0x0000000705200000, 0x0000000705200000, 0x0000000705300000|  0%| F|  |TAMS 0x0000000705200000, 0x0000000705200000| Untracked 
|  47|0x0000000705300000, 0x0000000705300000, 0x0000000705400000|  0%| F|  |TAMS 0x0000000705300000, 0x0000000705300000| Untracked 
|  48|0x0000000705400000, 0x0000000705400000, 0x0000000705500000|  0%| F|  |TAMS 0x0000000705400000, 0x0000000705400000| Untracked 
|  49|0x0000000705500000, 0x0000000705500000, 0x0000000705600000|  0%| F|  |TAMS 0x0000000705500000, 0x0000000705500000| Untracked 
|  50|0x0000000705600000, 0x0000000705600000, 0x0000000705700000|  0%| F|  |TAMS 0x0000000705600000, 0x0000000705600000| Untracked 
|  51|0x0000000705700000, 0x0000000705700000, 0x0000000705800000|  0%| F|  |TAMS 0x0000000705700000, 0x0000000705700000| Untracked 
|  52|0x0000000705800000, 0x0000000705800000, 0x0000000705900000|  0%| F|  |TAMS 0x0000000705800000, 0x0000000705800000| Untracked 
|  53|0x0000000705900000, 0x0000000705900000, 0x0000000705a00000|  0%| F|  |TAMS 0x0000000705900000, 0x0000000705900000| Untracked 
|  54|0x0000000705a00000, 0x0000000705a00000, 0x0000000705b00000|  0%| F|  |TAMS 0x0000000705a00000, 0x0000000705a00000| Untracked 
|  55|0x0000000705b00000, 0x0000000705b00000, 0x0000000705c00000|  0%| F|  |TAMS 0x0000000705b00000, 0x0000000705b00000| Untracked 
|  56|0x0000000705c00000, 0x0000000705c00000, 0x0000000705d00000|  0%| F|  |TAMS 0x0000000705c00000, 0x0000000705c00000| Untracked 
|  57|0x0000000705d00000, 0x0000000705d00000, 0x0000000705e00000|  0%| F|  |TAMS 0x0000000705d00000, 0x0000000705d00000| Untracked 
|  58|0x0000000705e00000, 0x0000000705e00000, 0x0000000705f00000|  0%| F|  |TAMS 0x0000000705e00000, 0x0000000705e00000| Untracked 
|  59|0x0000000705f00000, 0x0000000705f00000, 0x0000000706000000|  0%| F|  |TAMS 0x0000000705f00000, 0x0000000705f00000| Untracked 
|  60|0x0000000706000000, 0x0000000706000000, 0x0000000706100000|  0%| F|  |TAMS 0x0000000706000000, 0x0000000706000000| Untracked 
|  61|0x0000000706100000, 0x0000000706100000, 0x0000000706200000|  0%| F|  |TAMS 0x0000000706100000, 0x0000000706100000| Untracked 
|  62|0x0000000706200000, 0x0000000706200000, 0x0000000706300000|  0%| F|  |TAMS 0x0000000706200000, 0x0000000706200000| Untracked 
|  63|0x0000000706300000, 0x0000000706300000, 0x0000000706400000|  0%| F|  |TAMS 0x0000000706300000, 0x0000000706300000| Untracked 
|  64|0x0000000706400000, 0x0000000706400000, 0x0000000706500000|  0%| F|  |TAMS 0x0000000706400000, 0x0000000706400000| Untracked 
|  65|0x0000000706500000, 0x0000000706500000, 0x0000000706600000|  0%| F|  |TAMS 0x0000000706500000, 0x0000000706500000| Untracked 
|  66|0x0000000706600000, 0x0000000706600000, 0x0000000706700000|  0%| F|  |TAMS 0x0000000706600000, 0x0000000706600000| Untracked 
|  67|0x0000000706700000, 0x0000000706700000, 0x0000000706800000|  0%| F|  |TAMS 0x0000000706700000, 0x0000000706700000| Untracked 
|  68|0x0000000706800000, 0x0000000706800000, 0x0000000706900000|  0%| F|  |TAMS 0x0000000706800000, 0x0000000706800000| Untracked 
|  69|0x0000000706900000, 0x0000000706900000, 0x0000000706a00000|  0%| F|  |TAMS 0x0000000706900000, 0x0000000706900000| Untracked 
|  70|0x0000000706a00000, 0x0000000706a00000, 0x0000000706b00000|  0%| F|  |TAMS 0x0000000706a00000, 0x0000000706a00000| Untracked 
|  71|0x0000000706b00000, 0x0000000706b00000, 0x0000000706c00000|  0%| F|  |TAMS 0x0000000706b00000, 0x0000000706b00000| Untracked 
|  72|0x0000000706c00000, 0x0000000706c00000, 0x0000000706d00000|  0%| F|  |TAMS 0x0000000706c00000, 0x0000000706c00000| Untracked 
|  73|0x0000000706d00000, 0x0000000706d00000, 0x0000000706e00000|  0%| F|  |TAMS 0x0000000706d00000, 0x0000000706d00000| Untracked 
|  74|0x0000000706e00000, 0x0000000706e00000, 0x0000000706f00000|  0%| F|  |TAMS 0x0000000706e00000, 0x0000000706e00000| Untracked 
|  75|0x0000000706f00000, 0x0000000706f00000, 0x0000000707000000|  0%| F|  |TAMS 0x0000000706f00000, 0x0000000706f00000| Untracked 
|  76|0x0000000707000000, 0x0000000707000000, 0x0000000707100000|  0%| F|  |TAMS 0x0000000707000000, 0x0000000707000000| Untracked 
|  77|0x0000000707100000, 0x0000000707100000, 0x0000000707200000|  0%| F|  |TAMS 0x0000000707100000, 0x0000000707100000| Untracked 
|  78|0x0000000707200000, 0x0000000707200000, 0x0000000707300000|  0%| F|  |TAMS 0x0000000707200000, 0x0000000707200000| Untracked 
|  79|0x0000000707300000, 0x0000000707300000, 0x0000000707400000|  0%| F|  |TAMS 0x0000000707300000, 0x0000000707300000| Untracked 
|  80|0x0000000707400000, 0x0000000707400000, 0x0000000707500000|  0%| F|  |TAMS 0x0000000707400000, 0x0000000707400000| Untracked 
|  81|0x0000000707500000, 0x0000000707500000, 0x0000000707600000|  0%| F|  |TAMS 0x0000000707500000, 0x0000000707500000| Untracked 
|  82|0x0000000707600000, 0x0000000707600000, 0x0000000707700000|  0%| F|  |TAMS 0x0000000707600000, 0x0000000707600000| Untracked 
|  83|0x0000000707700000, 0x0000000707700000, 0x0000000707800000|  0%| F|  |TAMS 0x0000000707700000, 0x0000000707700000| Untracked 
|  84|0x0000000707800000, 0x0000000707800000, 0x0000000707900000|  0%| F|  |TAMS 0x0000000707800000, 0x0000000707800000| Untracked 
|  85|0x0000000707900000, 0x0000000707900000, 0x0000000707a00000|  0%| F|  |TAMS 0x0000000707900000, 0x0000000707900000| Untracked 
|  86|0x0000000707a00000, 0x0000000707a00000, 0x0000000707b00000|  0%| F|  |TAMS 0x0000000707a00000, 0x0000000707a00000| Untracked 
|  87|0x0000000707b00000, 0x0000000707b00000, 0x0000000707c00000|  0%| F|  |TAMS 0x0000000707b00000, 0x0000000707b00000| Untracked 
|  88|0x0000000707c00000, 0x0000000707c00000, 0x0000000707d00000|  0%| F|  |TAMS 0x0000000707c00000, 0x0000000707c00000| Untracked 
|  89|0x0000000707d00000, 0x0000000707d00000, 0x0000000707e00000|  0%| F|  |TAMS 0x0000000707d00000, 0x0000000707d00000| Untracked 
|  90|0x0000000707e00000, 0x0000000707e00000, 0x0000000707f00000|  0%| F|  |TAMS 0x0000000707e00000, 0x0000000707e00000| Untracked 
|  91|0x0000000707f00000, 0x0000000707f00000, 0x0000000708000000|  0%| F|  |TAMS 0x0000000707f00000, 0x0000000707f00000| Untracked 
|  92|0x0000000708000000, 0x0000000708000000, 0x0000000708100000|  0%| F|  |TAMS 0x0000000708000000, 0x0000000708000000| Untracked 
|  93|0x0000000708100000, 0x0000000708100000, 0x0000000708200000|  0%| F|  |TAMS 0x0000000708100000, 0x0000000708100000| Untracked 
|  94|0x0000000708200000, 0x0000000708200000, 0x0000000708300000|  0%| F|  |TAMS 0x0000000708200000, 0x0000000708200000| Untracked 
|  95|0x0000000708300000, 0x0000000708300000, 0x0000000708400000|  0%| F|  |TAMS 0x0000000708300000, 0x0000000708300000| Untracked 
|  96|0x0000000708400000, 0x0000000708400000, 0x0000000708500000|  0%| F|  |TAMS 0x0000000708400000, 0x0000000708400000| Untracked 
|  97|0x0000000708500000, 0x0000000708500000, 0x0000000708600000|  0%| F|  |TAMS 0x0000000708500000, 0x0000000708500000| Untracked 
|  98|0x0000000708600000, 0x0000000708600000, 0x0000000708700000|  0%| F|  |TAMS 0x0000000708600000, 0x0000000708600000| Untracked 
|  99|0x0000000708700000, 0x0000000708700000, 0x0000000708800000|  0%| F|  |TAMS 0x0000000708700000, 0x0000000708700000| Untracked 
| 100|0x0000000708800000, 0x0000000708800000, 0x0000000708900000|  0%| F|  |TAMS 0x0000000708800000, 0x0000000708800000| Untracked 
| 101|0x0000000708900000, 0x0000000708900000, 0x0000000708a00000|  0%| F|  |TAMS 0x0000000708900000, 0x0000000708900000| Untracked 
| 102|0x0000000708a00000, 0x0000000708a00000, 0x0000000708b00000|  0%| F|  |TAMS 0x0000000708a00000, 0x0000000708a00000| Untracked 
| 103|0x0000000708b00000, 0x0000000708b00000, 0x0000000708c00000|  0%| F|  |TAMS 0x0000000708b00000, 0x0000000708b00000| Untracked 
| 104|0x0000000708c00000, 0x0000000708c00000, 0x0000000708d00000|  0%| F|  |TAMS 0x0000000708c00000, 0x0000000708c00000| Untracked 
| 105|0x0000000708d00000, 0x0000000708d00000, 0x0000000708e00000|  0%| F|  |TAMS 0x0000000708d00000, 0x0000000708d00000| Untracked 
| 106|0x0000000708e00000, 0x0000000708e00000, 0x0000000708f00000|  0%| F|  |TAMS 0x0000000708e00000, 0x0000000708e00000| Untracked 
| 107|0x0000000708f00000, 0x0000000708f00000, 0x0000000709000000|  0%| F|  |TAMS 0x0000000708f00000, 0x0000000708f00000| Untracked 
| 108|0x0000000709000000, 0x0000000709000000, 0x0000000709100000|  0%| F|  |TAMS 0x0000000709000000, 0x0000000709000000| Untracked 
| 109|0x0000000709100000, 0x0000000709100000, 0x0000000709200000|  0%| F|  |TAMS 0x0000000709100000, 0x0000000709100000| Untracked 
| 110|0x0000000709200000, 0x0000000709200000, 0x0000000709300000|  0%| F|  |TAMS 0x0000000709200000, 0x0000000709200000| Untracked 
| 111|0x0000000709300000, 0x0000000709300000, 0x0000000709400000|  0%| F|  |TAMS 0x0000000709300000, 0x0000000709300000| Untracked 
| 112|0x0000000709400000, 0x0000000709400000, 0x0000000709500000|  0%| F|  |TAMS 0x0000000709400000, 0x0000000709400000| Untracked 
| 113|0x0000000709500000, 0x0000000709500000, 0x0000000709600000|  0%| F|  |TAMS 0x0000000709500000, 0x0000000709500000| Untracked 
| 114|0x0000000709600000, 0x0000000709600000, 0x0000000709700000|  0%| F|  |TAMS 0x0000000709600000, 0x0000000709600000| Untracked 
| 115|0x0000000709700000, 0x0000000709700000, 0x0000000709800000|  0%| F|  |TAMS 0x0000000709700000, 0x0000000709700000| Untracked 
| 116|0x0000000709800000, 0x0000000709800000, 0x0000000709900000|  0%| F|  |TAMS 0x0000000709800000, 0x0000000709800000| Untracked 
| 117|0x0000000709900000, 0x0000000709900000, 0x0000000709a00000|  0%| F|  |TAMS 0x0000000709900000, 0x0000000709900000| Untracked 
| 118|0x0000000709a00000, 0x0000000709a00000, 0x0000000709b00000|  0%| F|  |TAMS 0x0000000709a00000, 0x0000000709a00000| Untracked 
| 119|0x0000000709b00000, 0x0000000709b00000, 0x0000000709c00000|  0%| F|  |TAMS 0x0000000709b00000, 0x0000000709b00000| Untracked 
| 120|0x0000000709c00000, 0x0000000709c00000, 0x0000000709d00000|  0%| F|  |TAMS 0x0000000709c00000, 0x0000000709c00000| Untracked 
| 121|0x0000000709d00000, 0x0000000709d00000, 0x0000000709e00000|  0%| F|  |TAMS 0x0000000709d00000, 0x0000000709d00000| Untracked 
| 122|0x0000000709e00000, 0x0000000709e00000, 0x0000000709f00000|  0%| F|  |TAMS 0x0000000709e00000, 0x0000000709e00000| Untracked 
| 123|0x0000000709f00000, 0x0000000709f00000, 0x000000070a000000|  0%| F|  |TAMS 0x0000000709f00000, 0x0000000709f00000| Untracked 
| 124|0x000000070a000000, 0x000000070a000000, 0x000000070a100000|  0%| F|  |TAMS 0x000000070a000000, 0x000000070a000000| Untracked 
| 125|0x000000070a100000, 0x000000070a100000, 0x000000070a200000|  0%| F|  |TAMS 0x000000070a100000, 0x000000070a100000| Untracked 
| 126|0x000000070a200000, 0x000000070a200000, 0x000000070a300000|  0%| F|  |TAMS 0x000000070a200000, 0x000000070a200000| Untracked 
| 127|0x000000070a300000, 0x000000070a300000, 0x000000070a400000|  0%| F|  |TAMS 0x000000070a300000, 0x000000070a300000| Untracked 
| 128|0x000000070a400000, 0x000000070a400000, 0x000000070a500000|  0%| F|  |TAMS 0x000000070a400000, 0x000000070a400000| Untracked 
| 129|0x000000070a500000, 0x000000070a500000, 0x000000070a600000|  0%| F|  |TAMS 0x000000070a500000, 0x000000070a500000| Untracked 
| 130|0x000000070a600000, 0x000000070a600000, 0x000000070a700000|  0%| F|  |TAMS 0x000000070a600000, 0x000000070a600000| Untracked 
| 131|0x000000070a700000, 0x000000070a700000, 0x000000070a800000|  0%| F|  |TAMS 0x000000070a700000, 0x000000070a700000| Untracked 
| 132|0x000000070a800000, 0x000000070a800000, 0x000000070a900000|  0%| F|  |TAMS 0x000000070a800000, 0x000000070a800000| Untracked 
| 133|0x000000070a900000, 0x000000070a900000, 0x000000070aa00000|  0%| F|  |TAMS 0x000000070a900000, 0x000000070a900000| Untracked 
| 134|0x000000070aa00000, 0x000000070aa00000, 0x000000070ab00000|  0%| F|  |TAMS 0x000000070aa00000, 0x000000070aa00000| Untracked 
| 135|0x000000070ab00000, 0x000000070ab00000, 0x000000070ac00000|  0%| F|  |TAMS 0x000000070ab00000, 0x000000070ab00000| Untracked 
| 136|0x000000070ac00000, 0x000000070ac00000, 0x000000070ad00000|  0%| F|  |TAMS 0x000000070ac00000, 0x000000070ac00000| Untracked 
| 137|0x000000070ad00000, 0x000000070ad00000, 0x000000070ae00000|  0%| F|  |TAMS 0x000000070ad00000, 0x000000070ad00000| Untracked 
| 138|0x000000070ae00000, 0x000000070ae00000, 0x000000070af00000|  0%| F|  |TAMS 0x000000070ae00000, 0x000000070ae00000| Untracked 
| 139|0x000000070af00000, 0x000000070af00000, 0x000000070b000000|  0%| F|  |TAMS 0x000000070af00000, 0x000000070af00000| Untracked 
| 140|0x000000070b000000, 0x000000070b000000, 0x000000070b100000|  0%| F|  |TAMS 0x000000070b000000, 0x000000070b000000| Untracked 
| 141|0x000000070b100000, 0x000000070b100000, 0x000000070b200000|  0%| F|  |TAMS 0x000000070b100000, 0x000000070b100000| Untracked 
| 142|0x000000070b200000, 0x000000070b200000, 0x000000070b300000|  0%| F|  |TAMS 0x000000070b200000, 0x000000070b200000| Untracked 
| 143|0x000000070b300000, 0x000000070b300000, 0x000000070b400000|  0%| F|  |TAMS 0x000000070b300000, 0x000000070b300000| Untracked 
| 144|0x000000070b400000, 0x000000070b400000, 0x000000070b500000|  0%| F|  |TAMS 0x000000070b400000, 0x000000070b400000| Untracked 
| 145|0x000000070b500000, 0x000000070b500000, 0x000000070b600000|  0%| F|  |TAMS 0x000000070b500000, 0x000000070b500000| Untracked 
| 146|0x000000070b600000, 0x000000070b600000, 0x000000070b700000|  0%| F|  |TAMS 0x000000070b600000, 0x000000070b600000| Untracked 
| 147|0x000000070b700000, 0x000000070b700000, 0x000000070b800000|  0%| F|  |TAMS 0x000000070b700000, 0x000000070b700000| Untracked 
| 148|0x000000070b800000, 0x000000070b800000, 0x000000070b900000|  0%| F|  |TAMS 0x000000070b800000, 0x000000070b800000| Untracked 
| 149|0x000000070b900000, 0x000000070b900000, 0x000000070ba00000|  0%| F|  |TAMS 0x000000070b900000, 0x000000070b900000| Untracked 
| 150|0x000000070ba00000, 0x000000070ba00000, 0x000000070bb00000|  0%| F|  |TAMS 0x000000070ba00000, 0x000000070ba00000| Untracked 
| 151|0x000000070bb00000, 0x000000070bb00000, 0x000000070bc00000|  0%| F|  |TAMS 0x000000070bb00000, 0x000000070bb00000| Untracked 
| 152|0x000000070bc00000, 0x000000070bc00000, 0x000000070bd00000|  0%| F|  |TAMS 0x000000070bc00000, 0x000000070bc00000| Untracked 
| 153|0x000000070bd00000, 0x000000070bd00000, 0x000000070be00000|  0%| F|  |TAMS 0x000000070bd00000, 0x000000070bd00000| Untracked 
| 154|0x000000070be00000, 0x000000070be00000, 0x000000070bf00000|  0%| F|  |TAMS 0x000000070be00000, 0x000000070be00000| Untracked 
| 155|0x000000070bf00000, 0x000000070bf00000, 0x000000070c000000|  0%| F|  |TAMS 0x000000070bf00000, 0x000000070bf00000| Untracked 
| 156|0x000000070c000000, 0x000000070c000000, 0x000000070c100000|  0%| F|  |TAMS 0x000000070c000000, 0x000000070c000000| Untracked 
| 157|0x000000070c100000, 0x000000070c100000, 0x000000070c200000|  0%| F|  |TAMS 0x000000070c100000, 0x000000070c100000| Untracked 
| 158|0x000000070c200000, 0x000000070c200000, 0x000000070c300000|  0%| F|  |TAMS 0x000000070c200000, 0x000000070c200000| Untracked 
| 159|0x000000070c300000, 0x000000070c300000, 0x000000070c400000|  0%| F|  |TAMS 0x000000070c300000, 0x000000070c300000| Untracked 
| 160|0x000000070c400000, 0x000000070c400000, 0x000000070c500000|  0%| F|  |TAMS 0x000000070c400000, 0x000000070c400000| Untracked 
| 161|0x000000070c500000, 0x000000070c500000, 0x000000070c600000|  0%| F|  |TAMS 0x000000070c500000, 0x000000070c500000| Untracked 
| 162|0x000000070c600000, 0x000000070c600000, 0x000000070c700000|  0%| F|  |TAMS 0x000000070c600000, 0x000000070c600000| Untracked 
| 163|0x000000070c700000, 0x000000070c700000, 0x000000070c800000|  0%| F|  |TAMS 0x000000070c700000, 0x000000070c700000| Untracked 
| 164|0x000000070c800000, 0x000000070c800000, 0x000000070c900000|  0%| F|  |TAMS 0x000000070c800000, 0x000000070c800000| Untracked 
| 165|0x000000070c900000, 0x000000070c900000, 0x000000070ca00000|  0%| F|  |TAMS 0x000000070c900000, 0x000000070c900000| Untracked 
| 166|0x000000070ca00000, 0x000000070ca00000, 0x000000070cb00000|  0%| F|  |TAMS 0x000000070ca00000, 0x000000070ca00000| Untracked 
| 167|0x000000070cb00000, 0x000000070cb00000, 0x000000070cc00000|  0%| F|  |TAMS 0x000000070cb00000, 0x000000070cb00000| Untracked 
| 168|0x000000070cc00000, 0x000000070cc00000, 0x000000070cd00000|  0%| F|  |TAMS 0x000000070cc00000, 0x000000070cc00000| Untracked 
| 169|0x000000070cd00000, 0x000000070cd00000, 0x000000070ce00000|  0%| F|  |TAMS 0x000000070cd00000, 0x000000070cd00000| Untracked 
| 170|0x000000070ce00000, 0x000000070ce00000, 0x000000070cf00000|  0%| F|  |TAMS 0x000000070ce00000, 0x000000070ce00000| Untracked 
| 171|0x000000070cf00000, 0x000000070cf00000, 0x000000070d000000|  0%| F|  |TAMS 0x000000070cf00000, 0x000000070cf00000| Untracked 
| 172|0x000000070d000000, 0x000000070d000000, 0x000000070d100000|  0%| F|  |TAMS 0x000000070d000000, 0x000000070d000000| Untracked 
| 173|0x000000070d100000, 0x000000070d100000, 0x000000070d200000|  0%| F|  |TAMS 0x000000070d100000, 0x000000070d100000| Untracked 
| 174|0x000000070d200000, 0x000000070d200000, 0x000000070d300000|  0%| F|  |TAMS 0x000000070d200000, 0x000000070d200000| Untracked 
| 175|0x000000070d300000, 0x000000070d300000, 0x000000070d400000|  0%| F|  |TAMS 0x000000070d300000, 0x000000070d300000| Untracked 
| 176|0x000000070d400000, 0x000000070d400000, 0x000000070d500000|  0%| F|  |TAMS 0x000000070d400000, 0x000000070d400000| Untracked 
| 177|0x000000070d500000, 0x000000070d500000, 0x000000070d600000|  0%| F|  |TAMS 0x000000070d500000, 0x000000070d500000| Untracked 
| 178|0x000000070d600000, 0x000000070d600000, 0x000000070d700000|  0%| F|  |TAMS 0x000000070d600000, 0x000000070d600000| Untracked 
| 179|0x000000070d700000, 0x000000070d700000, 0x000000070d800000|  0%| F|  |TAMS 0x000000070d700000, 0x000000070d700000| Untracked 
| 180|0x000000070d800000, 0x000000070d800000, 0x000000070d900000|  0%| F|  |TAMS 0x000000070d800000, 0x000000070d800000| Untracked 
| 181|0x000000070d900000, 0x000000070d900000, 0x000000070da00000|  0%| F|  |TAMS 0x000000070d900000, 0x000000070d900000| Untracked 
| 182|0x000000070da00000, 0x000000070da00000, 0x000000070db00000|  0%| F|  |TAMS 0x000000070da00000, 0x000000070da00000| Untracked 
| 183|0x000000070db00000, 0x000000070db00000, 0x000000070dc00000|  0%| F|  |TAMS 0x000000070db00000, 0x000000070db00000| Untracked 
| 184|0x000000070dc00000, 0x000000070dc00000, 0x000000070dd00000|  0%| F|  |TAMS 0x000000070dc00000, 0x000000070dc00000| Untracked 
| 185|0x000000070dd00000, 0x000000070dd00000, 0x000000070de00000|  0%| F|  |TAMS 0x000000070dd00000, 0x000000070dd00000| Untracked 
| 186|0x000000070de00000, 0x000000070de00000, 0x000000070df00000|  0%| F|  |TAMS 0x000000070de00000, 0x000000070de00000| Untracked 
| 187|0x000000070df00000, 0x000000070df00000, 0x000000070e000000|  0%| F|  |TAMS 0x000000070df00000, 0x000000070df00000| Untracked 
| 188|0x000000070e000000, 0x000000070e000000, 0x000000070e100000|  0%| F|  |TAMS 0x000000070e000000, 0x000000070e000000| Untracked 
| 189|0x000000070e100000, 0x000000070e100000, 0x000000070e200000|  0%| F|  |TAMS 0x000000070e100000, 0x000000070e100000| Untracked 
| 190|0x000000070e200000, 0x000000070e200000, 0x000000070e300000|  0%| F|  |TAMS 0x000000070e200000, 0x000000070e200000| Untracked 
| 191|0x000000070e300000, 0x000000070e300000, 0x000000070e400000|  0%| F|  |TAMS 0x000000070e300000, 0x000000070e300000| Untracked 
| 192|0x000000070e400000, 0x000000070e400000, 0x000000070e500000|  0%| F|  |TAMS 0x000000070e400000, 0x000000070e400000| Untracked 
| 193|0x000000070e500000, 0x000000070e500000, 0x000000070e600000|  0%| F|  |TAMS 0x000000070e500000, 0x000000070e500000| Untracked 
| 194|0x000000070e600000, 0x000000070e600000, 0x000000070e700000|  0%| F|  |TAMS 0x000000070e600000, 0x000000070e600000| Untracked 
| 195|0x000000070e700000, 0x000000070e700000, 0x000000070e800000|  0%| F|  |TAMS 0x000000070e700000, 0x000000070e700000| Untracked 
| 196|0x000000070e800000, 0x000000070e800000, 0x000000070e900000|  0%| F|  |TAMS 0x000000070e800000, 0x000000070e800000| Untracked 
| 197|0x000000070e900000, 0x000000070e900000, 0x000000070ea00000|  0%| F|  |TAMS 0x000000070e900000, 0x000000070e900000| Untracked 
| 198|0x000000070ea00000, 0x000000070ea00000, 0x000000070eb00000|  0%| F|  |TAMS 0x000000070ea00000, 0x000000070ea00000| Untracked 
| 199|0x000000070eb00000, 0x000000070eb00000, 0x000000070ec00000|  0%| F|  |TAMS 0x000000070eb00000, 0x000000070eb00000| Untracked 
| 200|0x000000070ec00000, 0x000000070ec00000, 0x000000070ed00000|  0%| F|  |TAMS 0x000000070ec00000, 0x000000070ec00000| Untracked 
| 201|0x000000070ed00000, 0x000000070ed00000, 0x000000070ee00000|  0%| F|  |TAMS 0x000000070ed00000, 0x000000070ed00000| Untracked 
| 202|0x000000070ee00000, 0x000000070ee00000, 0x000000070ef00000|  0%| F|  |TAMS 0x000000070ee00000, 0x000000070ee00000| Untracked 
| 203|0x000000070ef00000, 0x000000070ef00000, 0x000000070f000000|  0%| F|  |TAMS 0x000000070ef00000, 0x000000070ef00000| Untracked 
| 204|0x000000070f000000, 0x000000070f000000, 0x000000070f100000|  0%| F|  |TAMS 0x000000070f000000, 0x000000070f000000| Untracked 
| 205|0x000000070f100000, 0x000000070f100000, 0x000000070f200000|  0%| F|  |TAMS 0x000000070f100000, 0x000000070f100000| Untracked 
| 206|0x000000070f200000, 0x000000070f200000, 0x000000070f300000|  0%| F|  |TAMS 0x000000070f200000, 0x000000070f200000| Untracked 
| 207|0x000000070f300000, 0x000000070f300000, 0x000000070f400000|  0%| F|  |TAMS 0x000000070f300000, 0x000000070f300000| Untracked 
| 208|0x000000070f400000, 0x000000070f400000, 0x000000070f500000|  0%| F|  |TAMS 0x000000070f400000, 0x000000070f400000| Untracked 
| 209|0x000000070f500000, 0x000000070f500000, 0x000000070f600000|  0%| F|  |TAMS 0x000000070f500000, 0x000000070f500000| Untracked 
| 210|0x000000070f600000, 0x000000070f600000, 0x000000070f700000|  0%| F|  |TAMS 0x000000070f600000, 0x000000070f600000| Untracked 
| 211|0x000000070f700000, 0x000000070f700000, 0x000000070f800000|  0%| F|  |TAMS 0x000000070f700000, 0x000000070f700000| Untracked 
| 212|0x000000070f800000, 0x000000070f800000, 0x000000070f900000|  0%| F|  |TAMS 0x000000070f800000, 0x000000070f800000| Untracked 
| 213|0x000000070f900000, 0x000000070f900000, 0x000000070fa00000|  0%| F|  |TAMS 0x000000070f900000, 0x000000070f900000| Untracked 
| 214|0x000000070fa00000, 0x000000070fa00000, 0x000000070fb00000|  0%| F|  |TAMS 0x000000070fa00000, 0x000000070fa00000| Untracked 
| 215|0x000000070fb00000, 0x000000070fb00000, 0x000000070fc00000|  0%| F|  |TAMS 0x000000070fb00000, 0x000000070fb00000| Untracked 
| 216|0x000000070fc00000, 0x000000070fc00000, 0x000000070fd00000|  0%| F|  |TAMS 0x000000070fc00000, 0x000000070fc00000| Untracked 
| 217|0x000000070fd00000, 0x000000070fd00000, 0x000000070fe00000|  0%| F|  |TAMS 0x000000070fd00000, 0x000000070fd00000| Untracked 
| 218|0x000000070fe00000, 0x000000070fe00000, 0x000000070ff00000|  0%| F|  |TAMS 0x000000070fe00000, 0x000000070fe00000| Untracked 
| 219|0x000000070ff00000, 0x000000070ff00000, 0x0000000710000000|  0%| F|  |TAMS 0x000000070ff00000, 0x000000070ff00000| Untracked 
| 220|0x0000000710000000, 0x0000000710000000, 0x0000000710100000|  0%| F|  |TAMS 0x0000000710000000, 0x0000000710000000| Untracked 
| 221|0x0000000710100000, 0x0000000710100000, 0x0000000710200000|  0%| F|  |TAMS 0x0000000710100000, 0x0000000710100000| Untracked 
| 222|0x0000000710200000, 0x0000000710200000, 0x0000000710300000|  0%| F|  |TAMS 0x0000000710200000, 0x0000000710200000| Untracked 
| 223|0x0000000710300000, 0x0000000710300000, 0x0000000710400000|  0%| F|  |TAMS 0x0000000710300000, 0x0000000710300000| Untracked 
| 224|0x0000000710400000, 0x0000000710400000, 0x0000000710500000|  0%| F|  |TAMS 0x0000000710400000, 0x0000000710400000| Untracked 
| 225|0x0000000710500000, 0x0000000710500000, 0x0000000710600000|  0%| F|  |TAMS 0x0000000710500000, 0x0000000710500000| Untracked 
| 226|0x0000000710600000, 0x0000000710600000, 0x0000000710700000|  0%| F|  |TAMS 0x0000000710600000, 0x0000000710600000| Untracked 
| 227|0x0000000710700000, 0x0000000710700000, 0x0000000710800000|  0%| F|  |TAMS 0x0000000710700000, 0x0000000710700000| Untracked 
| 228|0x0000000710800000, 0x0000000710800000, 0x0000000710900000|  0%| F|  |TAMS 0x0000000710800000, 0x0000000710800000| Untracked 
| 229|0x0000000710900000, 0x0000000710900000, 0x0000000710a00000|  0%| F|  |TAMS 0x0000000710900000, 0x0000000710900000| Untracked 
| 230|0x0000000710a00000, 0x0000000710a00000, 0x0000000710b00000|  0%| F|  |TAMS 0x0000000710a00000, 0x0000000710a00000| Untracked 
| 231|0x0000000710b00000, 0x0000000710b00000, 0x0000000710c00000|  0%| F|  |TAMS 0x0000000710b00000, 0x0000000710b00000| Untracked 
| 232|0x0000000710c00000, 0x0000000710c00000, 0x0000000710d00000|  0%| F|  |TAMS 0x0000000710c00000, 0x0000000710c00000| Untracked 
| 233|0x0000000710d00000, 0x0000000710d00000, 0x0000000710e00000|  0%| F|  |TAMS 0x0000000710d00000, 0x0000000710d00000| Untracked 
| 234|0x0000000710e00000, 0x0000000710ec47b8, 0x0000000710f00000| 76%| S|CS|TAMS 0x0000000710e00000, 0x0000000710e00000| Complete 
| 235|0x0000000710f00000, 0x0000000711000000, 0x0000000711000000|100%| S|CS|TAMS 0x0000000710f00000, 0x0000000710f00000| Complete 
| 236|0x0000000711000000, 0x0000000711100000, 0x0000000711100000|100%| S|CS|TAMS 0x0000000711000000, 0x0000000711000000| Complete 
| 237|0x0000000711100000, 0x0000000711100000, 0x0000000711200000|  0%| F|  |TAMS 0x0000000711100000, 0x0000000711100000| Untracked 
| 238|0x0000000711200000, 0x0000000711200000, 0x0000000711300000|  0%| F|  |TAMS 0x0000000711200000, 0x0000000711200000| Untracked 
| 239|0x0000000711300000, 0x0000000711300000, 0x0000000711400000|  0%| F|  |TAMS 0x0000000711300000, 0x0000000711300000| Untracked 
| 240|0x0000000711400000, 0x0000000711400000, 0x0000000711500000|  0%| F|  |TAMS 0x0000000711400000, 0x0000000711400000| Untracked 
| 241|0x0000000711500000, 0x0000000711500000, 0x0000000711600000|  0%| F|  |TAMS 0x0000000711500000, 0x0000000711500000| Untracked 
| 242|0x0000000711600000, 0x0000000711600000, 0x0000000711700000|  0%| F|  |TAMS 0x0000000711600000, 0x0000000711600000| Untracked 
| 243|0x0000000711700000, 0x0000000711700000, 0x0000000711800000|  0%| F|  |TAMS 0x0000000711700000, 0x0000000711700000| Untracked 
| 244|0x0000000711800000, 0x0000000711800000, 0x0000000711900000|  0%| F|  |TAMS 0x0000000711800000, 0x0000000711800000| Untracked 
| 245|0x0000000711900000, 0x0000000711900000, 0x0000000711a00000|  0%| F|  |TAMS 0x0000000711900000, 0x0000000711900000| Untracked 
| 246|0x0000000711a00000, 0x0000000711a00000, 0x0000000711b00000|  0%| F|  |TAMS 0x0000000711a00000, 0x0000000711a00000| Untracked 
| 247|0x0000000711b00000, 0x0000000711b00000, 0x0000000711c00000|  0%| F|  |TAMS 0x0000000711b00000, 0x0000000711b00000| Untracked 
| 248|0x0000000711c00000, 0x0000000711c00000, 0x0000000711d00000|  0%| F|  |TAMS 0x0000000711c00000, 0x0000000711c00000| Untracked 
| 249|0x0000000711d00000, 0x0000000711e00000, 0x0000000711e00000|100%| E|  |TAMS 0x0000000711d00000, 0x0000000711d00000| Complete 
| 250|0x0000000711e00000, 0x0000000711f00000, 0x0000000711f00000|100%| E|CS|TAMS 0x0000000711e00000, 0x0000000711e00000| Complete 
| 251|0x0000000711f00000, 0x0000000712000000, 0x0000000712000000|100%| E|CS|TAMS 0x0000000711f00000, 0x0000000711f00000| Complete 
| 252|0x0000000712000000, 0x0000000712100000, 0x0000000712100000|100%| E|CS|TAMS 0x0000000712000000, 0x0000000712000000| Complete 
| 253|0x0000000712100000, 0x0000000712200000, 0x0000000712200000|100%| E|CS|TAMS 0x0000000712100000, 0x0000000712100000| Complete 

Card table byte_map: [0x000002063f740000,0x000002063ff30000] _byte_map_base: 0x000002063bf2e000

Marking Bits (Prev, Next): (CMBitMap*) 0x00000206256fa430, (CMBitMap*) 0x00000206256fa3f8
 Prev Bits: [0x0000020644690000, 0x0000020648600000)
 Next Bits: [0x0000020640720000, 0x0000020644690000)

Polling page: 0x0000020625780000

Metaspace:

Usage:
  Non-class:     24.53 MB capacity,    24.15 MB ( 98%) used,   312.42 KB (  1%) free+waste,    78.81 KB ( <1%) overhead. 
      Class:      3.23 MB capacity,     2.94 MB ( 91%) used,   255.70 KB (  8%) free+waste,    38.69 KB (  1%) overhead. 
       Both:     27.76 MB capacity,    27.09 MB ( 98%) used,   568.12 KB (  2%) free+waste,   117.50 KB ( <1%) overhead. 

Virtual space:
  Non-class space:       26.00 MB reserved,      24.75 MB ( 95%) committed 
      Class space:        1.00 GB reserved,       3.25 MB ( <1%) committed 
             Both:        1.03 GB reserved,      28.00 MB (  3%) committed 

Chunk freelists:
   Non-Class:  4.38 KB
       Class:  2.88 KB
        Both:  7.25 KB

CodeHeap 'non-profiled nmethods': size=120000Kb used=843Kb max_used=843Kb free=119156Kb
 bounds [0x0000020636d70000, 0x0000020636fe0000, 0x000002063e2a0000]
CodeHeap 'profiled nmethods': size=120000Kb used=4677Kb max_used=4677Kb free=115322Kb
 bounds [0x000002062f840000, 0x000002062fce0000, 0x0000020636d70000]
CodeHeap 'non-nmethods': size=5760Kb used=1309Kb max_used=1333Kb free=4450Kb
 bounds [0x000002062f2a0000, 0x000002062f510000, 0x000002062f840000]
 total_blobs=3120 nmethods=2412 adapters=619
 compilation: enabled
              stopped_count=0, restarted_count=0
 full_count=0

Compilation events (10 events):
Event: 3.396 Thread 0x000002064ec40800 2350       4       sun.util.locale.LocaleUtils::toLower (17 bytes)
Event: 3.397 Thread 0x000002064bcc1000 nmethod 2346 0x000002062fc8c510 code [0x000002062fc8c920, 0x000002062fc8ea40]
Event: 3.397 Thread 0x000002064ec40800 nmethod 2350 0x0000020636e3cf90 code [0x0000020636e3d100, 0x0000020636e3d158]
Event: 3.397 Thread 0x000002064bcc1000 2344       3       sun.util.locale.LocaleUtils::isAlphaString (33 bytes)
Event: 3.397 Thread 0x000002064bcc1000 nmethod 2344 0x000002062fc8f790 code [0x000002062fc8f9c0, 0x000002062fc90300]
Event: 3.397 Thread 0x000002064bcc1000 2347       3       sun.util.locale.StringTokenIterator::next (74 bytes)
Event: 3.397 Thread 0x000002064bcc1000 nmethod 2347 0x000002062fc90690 code [0x000002062fc90880, 0x000002062fc90d60]
Event: 3.397 Thread 0x000002064bcc1000 2348       3       sun.util.locale.StringTokenIterator::hasNext (20 bytes)
Event: 3.397 Thread 0x000002064bcc1000 nmethod 2348 0x000002062fc90f10 code [0x000002062fc910c0, 0x000002062fc91378]
Event: 3.397 Thread 0x000002064bcc1000 2354       3       sun.util.locale.LocaleUtils::toUpperString (95 bytes)

GC Heap History (4 events):
Event: 2.366 GC heap before
{Heap before GC invocations=0 (full 0):
 garbage-first heap   total 260096K, used 24576K [0x0000000702400000, 0x0000000800000000)
  region size 1024K, 24 young (24576K), 0 survivors (0K)
 Metaspace       used 20593K, capacity 21126K, committed 21248K, reserved 1069056K
  class space    used 2187K, capacity 2454K, committed 2560K, reserved 1048576K
}
Event: 2.371 GC heap after
{Heap after GC invocations=1 (full 0):
 garbage-first heap   total 260096K, used 6321K [0x0000000702400000, 0x0000000800000000)
  region size 1024K, 3 young (3072K), 3 survivors (3072K)
 Metaspace       used 20593K, capacity 21126K, committed 21248K, reserved 1069056K
  class space    used 2187K, capacity 2454K, committed 2560K, reserved 1048576K
}
Event: 3.349 GC heap before
{Heap before GC invocations=2 (full 0):
 garbage-first heap   total 260096K, used 27825K [0x0000000702400000, 0x0000000800000000)
  region size 1024K, 20 young (20480K), 3 survivors (3072K)
 Metaspace       used 27091K, capacity 27760K, committed 27904K, reserved 1073152K
  class space    used 2951K, capacity 3236K, committed 3328K, reserved 1048576K
}
Event: 3.353 GC heap after
{Heap after GC invocations=3 (full 0):
 garbage-first heap   total 260096K, used 13237K [0x0000000702400000, 0x0000000800000000)
  region size 1024K, 3 young (3072K), 3 survivors (3072K)
 Metaspace       used 27091K, capacity 27760K, committed 27904K, reserved 1073152K
  class space    used 2951K, capacity 3236K, committed 3328K, reserved 1048576K
}

Deoptimization events (10 events):
Event: 2.605 Thread 0x000002064c455800 Uncommon trap: reason=class_check action=maybe_recompile pc=0x0000020636e10548 method=sun.security.util.math.intpoly.IntegerPolynomial$MutableElement.setSum(Lsun/security/util/math/IntegerModuloP;)Lsun/security/util/math/intpoly/IntegerPolynomial$MutableE
Event: 2.646 Thread 0x000002064c455800 Uncommon trap: reason=unstable_if action=reinterpret pc=0x0000020636d978e4 method=java.util.HashMap.resize()[Ljava/util/HashMap$Node; @ 203 c2
Event: 2.655 Thread 0x000002064c455800 Uncommon trap: reason=unstable_if action=reinterpret pc=0x0000020636dc051c method=java.lang.String.indexOf(II)I @ 4 c2
Event: 2.693 Thread 0x000002064c455800 Uncommon trap: reason=unstable_if action=reinterpret pc=0x0000020636db2a8c method=java.lang.AbstractStringBuilder.putStringAt(ILjava/lang/String;)V @ 8 c2
Event: 2.693 Thread 0x000002064c455800 Uncommon trap: reason=unstable_if action=reinterpret pc=0x0000020636db155c method=java.lang.AbstractStringBuilder.putStringAt(ILjava/lang/String;)V @ 8 c2
Event: 2.693 Thread 0x000002064c455800 Uncommon trap: reason=unstable_if action=reinterpret pc=0x0000020636dfd8f8 method=java.lang.AbstractStringBuilder.isLatin1()Z @ 10 c2
Event: 2.693 Thread 0x000002064c455800 Uncommon trap: reason=unstable_if action=reinterpret pc=0x0000020636de7ef4 method=java.lang.String.getBytes([BIB)V @ 5 c2
Event: 2.693 Thread 0x000002064c455800 Uncommon trap: reason=unstable_if action=reinterpret pc=0x0000020636df1cbc method=java.lang.AbstractStringBuilder.isLatin1()Z @ 10 c2
Event: 2.697 Thread 0x000002064c455800 Uncommon trap: reason=unstable_if action=reinterpret pc=0x0000020636e01b78 method=java.lang.CharacterDataLatin1.digit(II)I @ 12 c2
Event: 2.697 Thread 0x000002064c455800 Uncommon trap: reason=unstable_if action=reinterpret pc=0x0000020636e017c4 method=java.lang.CharacterDataLatin1.digit(II)I @ 12 c2

Classes redefined (0 events):
No events

Internal exceptions (10 events):
Event: 2.512 Thread 0x000002064c455800 Exception <a 'java/lang/NoSuchMethodError'{0x0000000711f24698}: java.lang.invoke.DirectMethodHandle$Holder.invokeStaticInit(Ljava/lang/Object;Ljava/lang/Object;IIII)Ljava/lang/Object;> (0x0000000711f24698) thrown at [./open/src/hotspot/share/interpreter/l
Event: 2.535 Thread 0x000002064c455800 Exception <a 'sun/nio/fs/WindowsException'{0x0000000711e3f1f0}> (0x0000000711e3f1f0) thrown at [./open/src/hotspot/share/prims/jni.cpp, line 611]
Event: 2.540 Thread 0x000002064c455800 Exception <a 'java/lang/NoSuchMethodError'{0x0000000711e61c08}: java.lang.invoke.DirectMethodHandle$Holder.invokeStaticInit(Ljava/lang/Object;Ljava/lang/Object;Ljava/lang/Object;Ljava/lang/Object;)I> (0x0000000711e61c08) thrown at [./open/src/hotspot/shar
Event: 2.541 Thread 0x000002064c455800 Exception <a 'java/lang/NoSuchMethodError'{0x0000000711e6d7f8}: java.lang.invoke.DirectMethodHandle$Holder.invokeStaticInit(Ljava/lang/Object;Ljava/lang/Object;)V> (0x0000000711e6d7f8) thrown at [./open/src/hotspot/share/interpreter/linkResolver.cpp, line
Event: 2.541 Thread 0x000002064c455800 Exception <a 'java/lang/NoSuchMethodError'{0x0000000711e72f38}: java.lang.invoke.DirectMethodHandle$Holder.invokeStaticInit(Ljava/lang/Object;Ljava/lang/Object;)I> (0x0000000711e72f38) thrown at [./open/src/hotspot/share/interpreter/linkResolver.cpp, line
Event: 2.651 Thread 0x000002064c455800 Exception <a 'java/lang/NoSuchMethodError'{0x0000000711812610}: java.lang.invoke.DirectMethodHandle$Holder.invokeSpecial(Ljava/lang/Object;Ljava/lang/Object;IIIILjava/lang/Object;II)Ljava/lang/Object;> (0x0000000711812610) thrown at [./open/src/hotspot/sh
Event: 2.651 Thread 0x000002064c455800 Exception <a 'java/lang/NoSuchMethodError'{0x0000000711815d50}: java.lang.invoke.DelegatingMethodHandle$Holder.reinvoke_L(Ljava/lang/Object;IIIILjava/lang/Object;II)Ljava/lang/Object;> (0x0000000711815d50) thrown at [./open/src/hotspot/share/interpreter/l
Event: 2.652 Thread 0x000002064c455800 Exception <a 'java/lang/NoSuchMethodError'{0x00000007118372c8}: java.lang.invoke.DirectMethodHandle$Holder.invokeStatic(Ljava/lang/Object;Ljava/lang/Object;Ljava/lang/Object;Ljava/lang/Object;Ljava/lang/Object;Ljava/lang/Object;Ljava/lang/Object;I)Ljava/l
Event: 2.653 Thread 0x000002064c455800 Exception <a 'java/lang/NoSuchMethodError'{0x000000071184fa30}: java.lang.invoke.DirectMethodHandle$Holder.invokeStatic(Ljava/lang/Object;Ljava/lang/Object;Ljava/lang/Object;Ljava/lang/Object;Ljava/lang/Object;Ljava/lang/Object;Ljava/lang/Object;II)Ljava/
Event: 2.653 Thread 0x000002064c455800 Exception <a 'java/lang/NoSuchMethodError'{0x0000000711869850}: java.lang.invoke.DirectMethodHandle$Holder.invokeStatic(Ljava/lang/Object;Ljava/lang/Object;Ljava/lang/Object;Ljava/lang/Object;Ljava/lang/Object;Ljava/lang/Object;Ljava/lang/Object;IILjava/l

Events (10 events):
Event: 3.390 loading class java/util/Currency$1
Event: 3.390 loading class java/util/Currency$1 done
Event: 3.390 loading class java/util/Currency$SpecialCaseEntry
Event: 3.390 loading class java/util/Currency$SpecialCaseEntry done
Event: 3.390 loading class java/util/Currency$OtherCurrencyEntry
Event: 3.390 loading class java/util/Currency$OtherCurrencyEntry done
Event: 3.391 loading class java/util/Currency$CurrencyNameGetter
Event: 3.391 loading class java/util/Currency$CurrencyNameGetter done
Event: 3.391 loading class sun/util/locale/provider/CurrencyNameProviderImpl
Event: 3.391 loading class sun/util/locale/provider/CurrencyNameProviderImpl done


Dynamic libraries:
0x00007ff762de0000 - 0x00007ff762def000 	C:\Program Files\Java\jdk-11.0.8\bin\javaw.exe
0x00007ffd5e590000 - 0x00007ffd5e786000 	C:\WINDOWS\SYSTEM32\ntdll.dll
0x00007ffd5dca0000 - 0x00007ffd5dd5d000 	C:\WINDOWS\System32\KERNEL32.DLL
0x00007ffd5bf70000 - 0x00007ffd5c239000 	C:\WINDOWS\System32\KERNELBASE.dll
0x00007ffd5c470000 - 0x00007ffd5c570000 	C:\WINDOWS\System32\ucrtbase.dll
0x00007ffd2c450000 - 0x00007ffd2c468000 	C:\Program Files\Java\jdk-11.0.8\bin\jli.dll
0x00007ffd29540000 - 0x00007ffd29555000 	C:\Program Files\Java\jdk-11.0.8\bin\VCRUNTIME140.dll
0x00007ffd5c730000 - 0x00007ffd5c7dc000 	C:\WINDOWS\System32\ADVAPI32.dll
0x00007ffd5c950000 - 0x00007ffd5c9ee000 	C:\WINDOWS\System32\msvcrt.dll
0x00007ffd5d340000 - 0x00007ffd5d3dc000 	C:\WINDOWS\System32\sechost.dll
0x00007ffd5d860000 - 0x00007ffd5d98b000 	C:\WINDOWS\System32\RPCRT4.dll
0x00007ffd5d990000 - 0x00007ffd5db30000 	C:\WINDOWS\System32\USER32.dll
0x00007ffd48750000 - 0x00007ffd489eb000 	C:\WINDOWS\WinSxS\amd64_microsoft.windows.common-controls_6595b64144ccf1df_6.0.19041.746_none_ca02b4b61b8320a4\COMCTL32.dll
0x00007ffd5c2f0000 - 0x00007ffd5c312000 	C:\WINDOWS\System32\win32u.dll
0x00007ffd5c840000 - 0x00007ffd5c86a000 	C:\WINDOWS\System32\GDI32.dll
0x00007ffd5bd00000 - 0x00007ffd5be0b000 	C:\WINDOWS\System32\gdi32full.dll
0x00007ffd5c3d0000 - 0x00007ffd5c46d000 	C:\WINDOWS\System32\msvcp_win.dll
0x00007ffd55d70000 - 0x00007ffd55d7a000 	C:\WINDOWS\SYSTEM32\VERSION.dll
0x00007ffd5dc70000 - 0x00007ffd5dca0000 	C:\WINDOWS\System32\IMM32.DLL
0x00007ffd07940000 - 0x00007ffd079db000 	C:\Program Files\Java\jdk-11.0.8\bin\msvcp140.dll
0x00007ffd04950000 - 0x00007ffd05436000 	C:\Program Files\Java\jdk-11.0.8\bin\server\jvm.dll
0x00007ffd5ca50000 - 0x00007ffd5ca58000 	C:\WINDOWS\System32\PSAPI.DLL
0x00007ffd46990000 - 0x00007ffd46999000 	C:\WINDOWS\SYSTEM32\WSOCK32.dll
0x00007ffd49d60000 - 0x00007ffd49d87000 	C:\WINDOWS\SYSTEM32\WINMM.dll
0x00007ffd5ddc0000 - 0x00007ffd5de2b000 	C:\WINDOWS\System32\WS2_32.dll
0x00007ffd59c30000 - 0x00007ffd59c42000 	C:\WINDOWS\SYSTEM32\kernel.appcore.dll
0x00007ffd56a60000 - 0x00007ffd56a70000 	C:\Program Files\Java\jdk-11.0.8\bin\verify.dll
0x00007ffd45710000 - 0x00007ffd458f4000 	C:\WINDOWS\SYSTEM32\DBGHELP.DLL
0x00007ffd45590000 - 0x00007ffd455bc000 	C:\WINDOWS\SYSTEM32\dbgcore.DLL
0x00007ffd5c570000 - 0x00007ffd5c5f0000 	C:\WINDOWS\System32\bcryptPrimitives.dll
0x00007ffd35580000 - 0x00007ffd355a8000 	C:\Program Files\Java\jdk-11.0.8\bin\java.dll
0x00007ffd556a0000 - 0x00007ffd556aa000 	C:\Program Files\Java\jdk-11.0.8\bin\jimage.dll
0x00007ffd4d600000 - 0x00007ffd4d616000 	C:\Program Files\Java\jdk-11.0.8\bin\zip.dll
0x00007ffd5cac0000 - 0x00007ffd5d203000 	C:\WINDOWS\System32\SHELL32.dll
0x00007ffd59e30000 - 0x00007ffd5a5bf000 	C:\WINDOWS\SYSTEM32\windows.storage.dll
0x00007ffd5e020000 - 0x00007ffd5e376000 	C:\WINDOWS\System32\combase.dll
0x00007ffd5b660000 - 0x00007ffd5b68c000 	C:\WINDOWS\SYSTEM32\Wldp.dll
0x00007ffd5c680000 - 0x00007ffd5c72e000 	C:\WINDOWS\System32\SHCORE.dll
0x00007ffd5c7e0000 - 0x00007ffd5c835000 	C:\WINDOWS\System32\shlwapi.dll
0x00007ffd5bc00000 - 0x00007ffd5bc26000 	C:\WINDOWS\SYSTEM32\profapi.dll
0x00007ffd35560000 - 0x00007ffd35579000 	C:\Program Files\Java\jdk-11.0.8\bin\net.dll
0x00007ffd4d310000 - 0x00007ffd4d410000 	C:\WINDOWS\SYSTEM32\WINHTTP.dll
0x00007ffd5b3e0000 - 0x00007ffd5b44a000 	C:\WINDOWS\system32\mswsock.dll
0x00007ffd34d20000 - 0x00007ffd34d32000 	C:\Program Files\Java\jdk-11.0.8\bin\nio.dll
0x00007ffd05f70000 - 0x00007ffd0610a000 	C:\Program Files\Java\jdk-11.0.8\bin\awt.dll
0x00007ffd5df50000 - 0x00007ffd5e01d000 	C:\WINDOWS\System32\OLEAUT32.dll
0x00007ffd595a0000 - 0x00007ffd59630000 	C:\WINDOWS\SYSTEM32\apphelp.dll
0x00007ffd59940000 - 0x00007ffd5996f000 	C:\WINDOWS\system32\DWMAPI.DLL
0x00007ffd59770000 - 0x00007ffd5980e000 	C:\WINDOWS\system32\uxtheme.dll
0x00007ffd1e250000 - 0x00007ffd1e375000 	C:\WINDOWS\system32\opengl32.dll
0x00007ffd1e220000 - 0x00007ffd1e24c000 	C:\WINDOWS\SYSTEM32\GLU32.dll
0x00007ffd5de30000 - 0x00007ffd5df46000 	C:\WINDOWS\System32\MSCTF.dll
0x00007ffd5d210000 - 0x00007ffd5d33a000 	C:\WINDOWS\System32\ole32.dll
0x00007ffd295b0000 - 0x00007ffd29632000 	C:\Program Files\Java\jdk-11.0.8\bin\freetype.dll
0x00007ffd1e3f0000 - 0x00007ffd1e496000 	C:\Program Files\Java\jdk-11.0.8\bin\fontmanager.dll
0x00007ffd5db30000 - 0x00007ffd5dbd9000 	C:\WINDOWS\System32\clbcatq.dll
0x00007ffd55350000 - 0x00007ffd55504000 	C:\WINDOWS\SYSTEM32\WindowsCodecs.dll
0x00007ffd5bcd0000 - 0x00007ffd5bcf7000 	C:\WINDOWS\System32\bcrypt.dll
0x00007ffd1fca0000 - 0x00007ffd1fcde000 	C:\WINDOWS\system32\dataexchange.dll
0x00007ffd589c0000 - 0x00007ffd58ba7000 	C:\WINDOWS\system32\dcomp.dll
0x00007ffd57d30000 - 0x00007ffd57f94000 	C:\WINDOWS\system32\d3d11.dll
0x00007ffd5a620000 - 0x00007ffd5a713000 	C:\WINDOWS\system32\dxgi.dll
0x00007ffd55880000 - 0x00007ffd55a81000 	C:\WINDOWS\system32\twinapi.appcore.dll
0x00007ffd25f90000 - 0x00007ffd2608b000 	C:\WINDOWS\SYSTEM32\textinputframework.dll
0x00007ffd58bb0000 - 0x00007ffd58f0e000 	C:\WINDOWS\System32\CoreUIComponents.dll
0x00007ffd59290000 - 0x00007ffd59382000 	C:\WINDOWS\System32\CoreMessaging.dll
0x00007ffd57bd0000 - 0x00007ffd57d24000 	C:\WINDOWS\SYSTEM32\wintypes.dll
0x00007ffd5aa10000 - 0x00007ffd5aa43000 	C:\WINDOWS\SYSTEM32\ntmarta.dll
0x00007ffd49d90000 - 0x00007ffd49df6000 	C:\WINDOWS\system32\Oleacc.dll
0x00007ffd5b110000 - 0x00007ffd5b1db000 	C:\WINDOWS\SYSTEM32\DNSAPI.dll
0x00007ffd5b0d0000 - 0x00007ffd5b10b000 	C:\WINDOWS\SYSTEM32\IPHLPAPI.DLL
0x00007ffd5c5f0000 - 0x00007ffd5c5f8000 	C:\WINDOWS\System32\NSI.dll
0x00007ffd4c820000 - 0x00007ffd4c82a000 	C:\Windows\System32\rasadhlp.dll
0x00007ffd4d290000 - 0x00007ffd4d30f000 	C:\WINDOWS\System32\fwpuclnt.dll
0x00007ffd2c880000 - 0x00007ffd2c897000 	C:\WINDOWS\system32\napinsp.dll
0x00007ffd159a0000 - 0x00007ffd159bb000 	C:\WINDOWS\system32\pnrpnsp.dll
0x00007ffd27f90000 - 0x00007ffd27fa5000 	C:\WINDOWS\system32\wshbth.dll
0x00007ffd578a0000 - 0x00007ffd578bd000 	C:\WINDOWS\system32\NLAapi.dll
0x00007ffd15980000 - 0x00007ffd15992000 	C:\WINDOWS\System32\winrnr.dll
0x00007ffd5b5b0000 - 0x00007ffd5b5c8000 	C:\WINDOWS\SYSTEM32\CRYPTSP.dll
0x00007ffd5ad80000 - 0x00007ffd5adb4000 	C:\WINDOWS\system32\rsaenh.dll
0x00007ffd5bbc0000 - 0x00007ffd5bbee000 	C:\WINDOWS\SYSTEM32\USERENV.dll
0x00007ffd5b5d0000 - 0x00007ffd5b5dc000 	C:\WINDOWS\SYSTEM32\CRYPTBASE.dll
0x00007ffd54930000 - 0x00007ffd54947000 	C:\WINDOWS\SYSTEM32\dhcpcsvc6.DLL
0x00007ffd557d0000 - 0x00007ffd557ed000 	C:\WINDOWS\SYSTEM32\dhcpcsvc.DLL
0x00007ffd29d10000 - 0x00007ffd29d35000 	C:\Program Files\Java\jdk-11.0.8\bin\sunec.dll
0x00007ffd454e0000 - 0x00007ffd454ed000 	C:\Program Files\Java\jdk-11.0.8\bin\sunmscapi.dll
0x00007ffd5be10000 - 0x00007ffd5bf66000 	C:\WINDOWS\System32\CRYPT32.dll
0x00007ffd5b6d0000 - 0x00007ffd5b6f7000 	C:\WINDOWS\SYSTEM32\ncrypt.dll
0x00007ffd5b690000 - 0x00007ffd5b6cb000 	C:\WINDOWS\SYSTEM32\NTASN1.dll
0x00007ffd35640000 - 0x00007ffd3568f000 	C:\Program Files\Java\jdk1.8.0_201\bin\mssql-jdbc_auth-8.4.1.x64.dll
0x00007ffd4ae30000 - 0x00007ffd4ae3c000 	C:\WINDOWS\system32\secur32.dll
0x00007ffd5bb80000 - 0x00007ffd5bbbc000 	C:\WINDOWS\SYSTEM32\SSPICLI.DLL
0x00007ffd5b4a0000 - 0x00007ffd5b5ae000 	C:\WINDOWS\system32\kerberos.DLL
0x00007ffd5b840000 - 0x00007ffd5b852000 	C:\WINDOWS\SYSTEM32\MSASN1.dll
0x00007ffd5b350000 - 0x00007ffd5b3da000 	C:\WINDOWS\system32\msv1_0.DLL
0x00007ffd5b330000 - 0x00007ffd5b343000 	C:\WINDOWS\SYSTEM32\NtlmShared.dll
0x00007ffd5b450000 - 0x00007ffd5b465000 	C:\WINDOWS\SYSTEM32\cryptdll.dll
0x00007ffd2d7f0000 - 0x00007ffd2d81a000 	C:\WINDOWS\system32\ntdsapi.dll

dbghelp: loaded successfully - version: 4.0.5 - missing functions: none
symbol engine: initialized successfully - sym options: 0x614 - pdb path: .;C:\Program Files\Java\jdk-11.0.8\bin;C:\WINDOWS\SYSTEM32;C:\WINDOWS\WinSxS\amd64_microsoft.windows.common-controls_6595b64144ccf1df_6.0.19041.746_none_ca02b4b61b8320a4;C:\Program Files\Java\jdk-11.0.8\bin\server;C:\Program Files\Java\jdk1.8.0_201\bin

VM Arguments:
jvm_args: -Dfile.encoding=Cp1254 --module-path=D:\eclipse-workspace\veritabaniProje\libraries\sqlite-jdbc-3.32.3.2.jar;D:\eclipse-workspace\veritabaniProje\libraries\PlaceHolder.jar;D:\eclipse-workspace\veritabaniProje\libraries\mssql-jdbc-8.4.1.jre11.jar 
java_command: elektronikMagaza.Main
java_class_path (initial): D:\eclipse-workspace\veritabaniProje\bin;D:\eclipse-workspace\veritabaniProje\libraries\rs2xml.jar
Launcher Type: SUN_STANDARD

[Global flags]
     intx CICompilerCount                          = 4                                         {product} {ergonomic}
     uint ConcGCThreads                            = 3                                         {product} {ergonomic}
     uint G1ConcRefinementThreads                  = 10                                        {product} {ergonomic}
   size_t G1HeapRegionSize                         = 1048576                                   {product} {ergonomic}
    uintx GCDrainStackTargetSize                   = 64                                        {product} {ergonomic}
   size_t InitialHeapSize                          = 266338304                                 {product} {ergonomic}
   size_t MarkStackSize                            = 4194304                                   {product} {ergonomic}
   size_t MaxHeapSize                              = 4257218560                                {product} {ergonomic}
   size_t MaxNewSize                               = 2554331136                                {product} {ergonomic}
   size_t MinHeapDeltaBytes                        = 1048576                                   {product} {ergonomic}
    uintx NonNMethodCodeHeapSize                   = 5836300                                {pd product} {ergonomic}
    uintx NonProfiledCodeHeapSize                  = 122910970                              {pd product} {ergonomic}
    uintx ProfiledCodeHeapSize                     = 122910970                              {pd product} {ergonomic}
    uintx ReservedCodeCacheSize                    = 251658240                              {pd product} {ergonomic}
     bool SegmentedCodeCache                       = true                                      {product} {ergonomic}
     bool UseCompressedClassPointers               = true                                 {lp64_product} {ergonomic}
     bool UseCompressedOops                        = true                                 {lp64_product} {ergonomic}
     bool UseG1GC                                  = true                                      {product} {ergonomic}
     bool UseLargePagesIndividualAllocation        = false                                  {pd product} {ergonomic}

Logging:
Log output configuration:
 #0: stdout all=warning uptime,level,tags
 #1: stderr all=off uptime,level,tags

Environment Variables:
JAVA_HOME=C:\JAVAFX\jdk-15
PATH=C:/Program Files/Java/jdk-11.0.8/bin/server;C:/Program Files/Java/jdk-11.0.8/bin;C:\Program Files (x86)\Intel\Intel(R) Management Engine Components\iCLS\;C:\Program Files\Intel\Intel(R) Management Engine Components\iCLS\;C:\Program Files (x86)\Common Files\Oracle\Java\javapath;C:\Program Files\Common Files\Oracle\Java\javapath;C:\Windows\system32;C:\Windows;C:\Windows\System32\Wbem;C:\Windows\System32\WindowsPowerShell\v1.0\;C:\Windows\System32\OpenSSH\;C:\Program Files (x86)\NVIDIA Corporation\PhysX\Common;C:\Program Files\NVIDIA Corporation\NVIDIA NvDLISR;C:\Program Files\Intel\WiFi\bin\;C:\Program Files\Common Files\Intel\WirelessCommon\;C:\WINDOWS\system32;C:\WINDOWS;C:\WINDOWS\System32\Wbem;C:\WINDOWS\System32\WindowsPowerShell\v1.0\;C:\WINDOWS\System32\OpenSSH\;C:\Program Files\dotnet\;C:\Program Files (x86)\Brackets\command;C:\Program Files\nodejs\;C:\Program Files (x86)\Microsoft SQL Server\150\DTS\Binn\;C:\Program Files\Microsoft SQL Server\Client SDK\ODBC\170\Tools\Binn\;C:\Program Files (x86)\Microsoft SQL Server\150\Tools\Binn\;C:\Program Files\Microsoft SQL Server\150\Tools\Binn\;C:\Program Files\Microsoft SQL Server\150\DTS\Binn\;C:\Program Files\Microsoft SQL Server\130\Tools\Binn\;C:\JAVAFX\javafx-sdk-11.0.2\lib;C:\Users\x\Documents\apache-maven-3.6.3-bin\apache-maven-3.6.3\bin;C:\Program Files\Java\jdk-15.0.1\bin;C:\Program Files\Java\jdk1.8.0_201\bin;C:\Program Files\Java\jdk1.8.0_201\jre\bin;C:\Program Files\Java\jdk1.8.0_201\jre\lib;C:\Program Files\Java\jdk1.8.0_201\lib;C:\Program Files (x86)\Intel\Intel(R) Memory And Storage Tool\;C:\Program Files (x86)\Intel\Intel(R) Management Engine Components\DAL;C:\Program Files\Intel\Intel(R) Management Engine Components\DAL;C:\Program Files (x86)\Intel\Intel(R) Management Engine Components\IPT;C:\Program Files\Intel\Intel(R) Management Engine Components\IPT;C:\Users\x\AppData\Local\Programs\AdoptOpenJDK\jdk-11.0.8.10-hotspot\bin;C:\Users\x\AppData\Local\Microsoft\WindowsApps;C:\Program Files\Intel\WiFi
USERNAME=AlpirayHaslak
OS=Windows_NT
PROCESSOR_IDENTIFIER=Intel64 Family 6 Model 158 Stepping 10, GenuineIntel



---------------  S Y S T E M  ---------------

OS: Windows 10 , 64 bit Build 19041 (10.0.19041.662)

CPU:total 12 (initial active 12) (6 cores per cpu, 2 threads per core) family 6 model 158 stepping 10, cmov, cx8, fxsr, mmx, sse, sse2, sse3, ssse3, sse4.1, sse4.2, popcnt, avx, avx2, aes, clmul, erms, 3dnowpref, lzcnt, ht, tsc, tscinvbit, bmi1, bmi2, adx, fma

Memory: 4k page, system-wide physical 16238M (6239M free)
TotalPageFile size 32622M (AvailPageFile size 6M)
current process WorkingSet (physical memory assigned to process): 142M, peak: 142M
current process commit charge ("private bytes"): 398M, peak: 398M

vm_info: Java HotSpot(TM) 64-Bit Server VM (11.0.8+10-LTS) for windows-amd64 JRE (11.0.8+10-LTS), built on Jun 16 2020 05:53:08 by "mach5one" with unknown MS VC++:1916

END.
